1: a.sh
2: a.sh
3: a.sh|a.sh
Running a.sh (Depth=1)
Call stack: a.sh -> a.sh
Running a.sh (Depth=1, Sourced=0)
Call stack: a.sh -> a.sh
I was executenv|greped. Sourcing b.sh
1: a.sh|a.sh
2: b.sh
3: a.sh|a.sh|b.sh
Running b.sh (Depth=2)
Call stack: a.sh -> a.sh -> b.sh
Running b.sh (Depth=2, Sourced=1)
Call stack: a.sh -> a.sh -> b.sh
I was sourced. Executing a.sh
1: a.sh|a.sh|b.sh
2: a.sh
3: a.sh|a.sh|b.sh|a.sh
Running a.sh (Depth=3)
Call stack: a.sh -> a.sh -> b.sh -> a.sh
Running a.sh (Depth=3, Sourced=0)
Call stack: a.sh -> a.sh -> b.sh -> a.sh
I was executed. Sourcing b.sh
1: a.sh|a.sh|b.sh|a.sh
2: b.sh
3: a.sh|a.sh|b.sh|a.sh|b.sh
Running b.sh (Depth=4)
Call stack: a.sh -> a.sh -> b.sh -> a.sh -> b.sh
Running b.sh (Depth=4, Sourced=1)
Call stack: a.sh -> a.sh -> b.sh -> a.sh -> b.sh
I was sourced. Executing a.sh
1: a.sh|a.sh|b.sh|a.sh|b.sh
2: a.sh
3: a.sh|a.sh|b.sh|a.sh|b.sh|a.sh
Running a.sh (Depth=5)
Call stack: a.sh -> a.sh -> b.sh -> a.sh -> b.sh -> a.sh
Running a.sh (Depth=5, Sourced=0)
Call stack: a.sh -> a.sh -> b.sh -> a.sh -> b.sh -> a.sh
I was executed. Sourcing b.sh
1: a.sh|a.sh|b.sh|a.sh|b.sh|a.sh
2: b.sh
3: a.sh|a.sh|b.sh|a.sh|b.sh|a.sh|b.sh
Running b.sh (Depth=6)
Call stack: a.sh -> a.sh -> b.sh -> a.sh -> b.sh -> a.sh -> b.sh
Running b.sh (Depth=6, Sourced=1)
Call stack: a.sh -> a.sh -> b.sh -> a.sh -> b.sh -> a.sh -> b.sh
I was sourced. Executing a.sh
1: a.sh|a.sh|b.sh|a.sh|b.sh|a.sh|b.sh
2: a.sh
3: a.sh|a.sh|b.sh|a.sh|b.sh|a.sh|b.sh|a.sh
Running a.sh (Depth=7)
Call stack: a.sh -> a.sh -> b.sh -> a.sh -> b.sh -> a.sh -> b.sh -> a.sh
Running a.sh (Depth=7, Sourced=0)
Call stack: a.sh -> a.sh -> b.sh -> a.sh -> b.sh -> a.sh -> b.sh -> a.sh
I was executed. Sourcing b.sh
1: a.sh|a.sh|b.sh|a.sh|b.sh|a.sh|b.sh|a.sh
2: b.sh
3: a.sh|a.sh|b.sh|a.sh|b.sh|a.sh|b.sh|a.sh|b.sh
Running b.sh (Depth=8)
Call stack: a.sh -> a.sh -> b.sh -> a.sh -> b.sh -> a.sh -> b.sh -> a.sh -> b.sh
Running b.sh (Depth=8, Sourced=1)
Call stack: a.sh -> a.sh -> b.sh -> a.sh -> b.sh -> a.sh -> b.sh -> a.sh -> b.sh
I was sourced. Executing a.sh
1: a.sh|a.sh|b.sh|a.sh|b.sh|a.sh|b.sh|a.sh|b.sh
2: a.sh
3: a.sh|a.sh|b.sh|a.sh|b.sh|a.sh|b.sh|a.sh|b.sh|a.sh
Running a.sh (Depth=9)
Call stack: a.sh -> a.sh -> b.sh -> a.sh -> b.sh -> a.sh -> b.sh -> a.sh -> b.sh -> a.sh
Running a.sh (Depth=9, Sourced=0)
Call stack: a.sh -> a.sh -> b.sh -> a.sh -> b.sh -> a.sh -> b.sh -> a.sh -> b.sh -> a.sh
I was executed. Sourcing b.sh
1: a.sh|a.sh|b.sh|a.sh|b.sh|a.sh|b.sh|a.sh|b.sh|a.sh
2: b.sh
3: a.sh|a.sh|b.sh|a.sh|b.sh|a.sh|b.sh|a.sh|b.sh|a.sh|b.sh
Running b.sh (Depth=10)
Call stack: a.sh -> a.sh -> b.sh -> a.sh -> b.sh -> a.sh -> b.sh -> a.sh -> b.sh -> a.sh -> b.sh
Running b.sh (Depth=10, Sourced=1)
Call stack: a.sh -> a.sh -> b.sh -> a.sh -> b.sh -> a.sh -> b.sh -> a.sh -> b.sh -> a.sh -> b.sh
I was sourced. Executing a.sh
1: a.sh|a.sh|b.sh|a.sh|b.sh|a.sh|b.sh|a.sh|b.sh|a.sh|b.sh
2: a.sh
3: a.sh|a.sh|b.sh|a.sh|b.sh|a.sh|b.sh|a.sh|b.sh|a.sh|b.sh|a.sh
Running a.sh (Depth=11)
Call stack: a.sh -> a.sh -> b.sh -> a.sh -> b.sh -> a.sh -> b.sh -> a.sh -> b.sh -> a.sh -> b.sh -> a.sh
Running a.sh (Depth=11, Sourced=0)
Call stack: a.sh -> a.sh -> b.sh -> a.sh -> b.sh -> a.sh -> b.sh -> a.sh -> b.sh -> a.sh -> b.sh -> a.sh
I was executed. Sourcing b.sh
1: a.sh|a.sh|b.sh|a.sh|b.sh|a.sh|b.sh|a.sh|b.sh|a.sh|b.sh|a.sh
2: b.sh
3: a.sh|a.sh|b.sh|a.sh|b.sh|a.sh|b.sh|a.sh|b.sh|a.sh|b.sh|a.sh|b.sh
Running b.sh (Depth=12)
Call stack: a.sh -> a.sh -> b.sh -> a.sh -> b.sh -> a.sh -> b.sh -> a.sh -> b.sh -> a.sh -> b.sh -> a.sh -> b.sh
Running b.sh (Depth=12, Sourced=1)
Call stack: a.sh -> a.sh -> b.sh -> a.sh -> b.sh -> a.sh -> b.sh -> a.sh -> b.sh -> a.sh -> b.sh -> a.sh -> b.sh
I was sourced. Executing a.sh
1: a.sh|a.sh|b.sh|a.sh|b.sh|a.sh|b.sh|a.sh|b.sh|a.sh|b.sh|a.sh|b.sh
2: a.sh
3: a.sh|a.sh|b.sh|a.sh|b.sh|a.sh|b.sh|a.sh|b.sh|a.sh|b.sh|a.sh|b.sh|a.sh
ERROR: Maximum depth (12) exceeded at a.sh
Call stack: a.sh -> a.sh -> b.sh -> a.sh -> b.sh -> a.sh -> b.sh -> a.sh -> b.sh -> a.sh -> b.sh -> a.sh -> b.sh -> a.sh
